<?xml version="1.0" encoding="UTF-8"?>
<!-- Generated by org.testng.reporters.JUnitReportReporter -->
<testsuite hostname="ATMECSBLRLT-090" failures="0" tests="5" name="com.jira.api.testscript.JiraApiTest" time="6.222" errors="0" timestamp="2023-05-29T23:12:37 IST" skipped="0">
  <testcase classname="com.jira.api.testscript.JiraApiTest" name="verifyLogin" time="2.740"/>
  <system-out/>
  <testcase classname="com.jira.api.testscript.JiraApiTest" name="verifyIssue" time="1.285"/>
  <system-out/>
  <testcase classname="com.jira.api.testscript.JiraApiTest" name="verifyComment" time="1.704"/>
  <system-out/>
  <testcase classname="com.jira.api.testscript.JiraApiTest" name="verifyFilterApi" time="0.156"/>
  <system-out/>
  <testcase classname="com.jira.api.testscript.JiraApiTest" name="verifyNegativeTest" time="0.337"/>
  <system-out/>
</testsuite> <!-- com.jira.api.testscript.JiraApiTest -->
