<?xml version="1.0" encoding="UTF-8"?>
<!-- Generated by org.testng.reporters.JUnitReportReporter -->
<testsuite hostname="ATMECSBLRLT-090" failures="0" tests="8" name="com.jira.api.testscript.JiraApiTest" time="8.243" errors="0" timestamp="2023-05-28T18:58:22 IST" skipped="0">
  <testcase classname="com.jira.api.testscript.JiraApiTest" name="verifyLogin" time="4.198"/>
  <system-out/>
  <testcase classname="com.jira.api.testscript.JiraApiTest" name="verifyCreateIssue" time="0.451"/>
  <system-out/>
  <testcase classname="com.jira.api.testscript.JiraApiTest" name="verifyAddComment" time="1.570"/>
  <system-out/>
  <testcase classname="com.jira.api.testscript.JiraApiTest" name="verifyGetIssueApi" time="1.276"/>
  <system-out/>
  <testcase classname="com.jira.api.testscript.JiraApiTest" name="verifyUpdateCommentApi" time="0.185"/>
  <system-out/>
  <testcase classname="com.jira.api.testscript.JiraApiTest" name="verifyGetCommentApi" time="0.163"/>
  <system-out/>
  <testcase classname="com.jira.api.testscript.JiraApiTest" name="verifyDeleteCommentApi" time="0.123"/>
  <system-out/>
  <testcase classname="com.jira.api.testscript.JiraApiTest" name="verifyDeleteIssueApi" time="0.277"/>
  <system-out/>
</testsuite> <!-- com.jira.api.testscript.JiraApiTest -->
