<?xml version="1.0" encoding="UTF-8"?>
<!-- Generated by org.testng.reporters.JUnitReportReporter -->
<testsuite hostname="ATMECSBLRLT-090" failures="0" tests="5" name="com.jira.api.testscript.JiraApiTest" time="13.730" errors="0" timestamp="2023-05-31T11:09:58 IST" skipped="0">
  <testcase classname="com.jira.api.testscript.JiraApiTest" name="verifyLoginApiTest" time="3.463"/>
  <system-out/>
  <testcase classname="com.jira.api.testscript.JiraApiTest" name="verifyIssueApiTest" time="4.191"/>
  <system-out/>
  <testcase classname="com.jira.api.testscript.JiraApiTest" name="verifyCommentApiTest" time="5.098"/>
  <system-out/>
  <testcase classname="com.jira.api.testscript.JiraApiTest" name="verifyFilterApiTest" time="0.327"/>
  <system-out/>
  <testcase classname="com.jira.api.testscript.JiraApiTest" name="verifyNegativeTest" time="0.651"/>
  <system-out/>
</testsuite> <!-- com.jira.api.testscript.JiraApiTest -->
